{
  "stats": {
    "suites": 4,
    "tests": 6,
    "passes": 6,
    "pending": 0,
    "failures": 0,
    "start": "2025-09-04T23:20:10.972Z",
    "end": "2025-09-04T23:20:11.289Z",
    "duration": 317,
    "testsRegistered": 6,
    "passPercent": 100,
    "pendingPercent": 0,
    "other": 0,
    "hasOther": false,
    "skipped": 0,
    "hasSkipped": false
  },
  "results": [
    {
      "uuid": "6dff754d-b875-4216-adbb-91a98466be32",
      "title": "",
      "fullFile": "",
      "file": "",
      "beforeHooks": [],
      "afterHooks": [],
      "tests": [],
      "suites": [
        {
          "uuid": "073b1fcb-2758-409d-aeeb-ee0a8e65e17a",
          "title": "Transfer",
          "fullFile": "C:\\Users\\glaucia.rocha\\Desktop\\PGATS-02-API\\test\\controller\\external\\transferExternal.test.js",
          "file": "\\test\\controller\\external\\transferExternal.test.js",
          "beforeHooks": [],
          "afterHooks": [],
          "tests": [],
          "suites": [
            {
              "uuid": "c4899ab2-fd63-4f0d-b76f-3030fe097385",
              "title": "POST /transfers",
              "fullFile": "C:\\Users\\glaucia.rocha\\Desktop\\PGATS-02-API\\test\\controller\\external\\transferExternal.test.js",
              "file": "\\test\\controller\\external\\transferExternal.test.js",
              "beforeHooks": [
                {
                  "title": "\"before each\" hook in \"POST /transfers\"",
                  "fullTitle": "Transfer POST /transfers \"before each\" hook in \"POST /transfers\"",
                  "timedOut": false,
                  "duration": 35,
                  "state": null,
                  "speed": null,
                  "pass": false,
                  "fail": false,
                  "pending": false,
                  "context": null,
                  "code": "// Limpar dados no servidor real antes de cada teste\nawait request('http://localhost:3000')\n    .post('/test/reset')\n    .send();\n// Registrar usuário 'julio' antes do login\n    const respostaRegistroJulio = await request('http://localhost:3000')\n        .post('/users/register')\n        .send({\n            username: 'julio',\n            password: '123456',\n            favorecidos: ['priscila']\n        });\n    console.log('Registro julio:', respostaRegistroJulio.status, respostaRegistroJulio.body);\n// Registrar usuário 'priscila' (destinatário válido)\n    const respostaRegistroPriscila = await request('http://localhost:3000')\n        .post('/users/register')\n        .send({\n            username: 'priscila',\n            password: '123456',\n            favorecidos: ['julio']\n        });\n    console.log('Registro priscila:', respostaRegistroPriscila.status, respostaRegistroPriscila.body);\nconst respostaLogin = await request('http://localhost:3000')\n    .post('/users/login')\n    .send({\n        username: 'julio',\n        password: '123456'\n    });\n    console.log('Login julio:', respostaLogin.status, respostaLogin.body);\ntoken = respostaLogin.body.token;\nconsole.log('Token de login:', token);",
                  "err": {},
                  "uuid": "34f19729-4b79-428c-a80a-9bc6d2b44e6e",
                  "parentUUID": "c4899ab2-fd63-4f0d-b76f-3030fe097385",
                  "isHook": true,
                  "skipped": false
                }
              ],
              "afterHooks": [],
              "tests": [
                {
                  "title": "Quando informo remetente e destinatario inexistentes recebo 400",
                  "fullTitle": "Transfer POST /transfers Quando informo remetente e destinatario inexistentes recebo 400",
                  "timedOut": false,
                  "duration": 7,
                  "state": "passed",
                  "speed": "fast",
                  "pass": true,
                  "fail": false,
                  "pending": false,
                  "context": null,
                  "code": "const resposta = await request('http://localhost:3000')\n    .post('/transfers')\n    .set('Authorization', `Bearer ${token}`)\n    .send({\n        from: \"julio\",\n        to: \"isabelle\",\n        value: 100\n    });\nconsole.log('Resposta transferência (remetente/destinatário inexistentes):', resposta.status, resposta.body);\nexpect(resposta.status).to.equal(400);\nexpect(resposta.body).to.have.property('error', 'Usuário remetente ou destinatário não encontrado')",
                  "err": {},
                  "uuid": "c20dab2a-db80-45c5-a293-ee1f12e7f6da",
                  "parentUUID": "c4899ab2-fd63-4f0d-b76f-3030fe097385",
                  "isHook": false,
                  "skipped": false
                },
                {
                  "title": "Usando Mocks: Quando informo remetente e destinatario inexistentes recebo 400",
                  "fullTitle": "Transfer POST /transfers Usando Mocks: Quando informo remetente e destinatario inexistentes recebo 400",
                  "timedOut": false,
                  "duration": 5,
                  "state": "passed",
                  "speed": "fast",
                  "pass": true,
                  "fail": false,
                  "pending": false,
                  "context": null,
                  "code": "const resposta = await request(\"http://localhost:3000\")\n    .post('/transfers')\n    .set('Authorization', `Bearer ${token}`)\n    .send({\n        from: \"jose\",\n        to: \"isabelle\",\n        value: 100\n    });\nconsole.log('Resposta transferência (mocks remetente/destinatário inexistentes):', resposta.status, resposta.body);\nexpect(resposta.status).to.equal(400);\nexpect(resposta.body).to.have.property('error', 'Usuário remetente ou destinatário não encontrado');",
                  "err": {},
                  "uuid": "4c99570f-479f-4bdb-8efd-dc0a5451ba6e",
                  "parentUUID": "c4899ab2-fd63-4f0d-b76f-3030fe097385",
                  "isHook": false,
                  "skipped": false
                },
                {
                  "title": "Usando Mocks: Quando informo valores válidos eu tenho sucesso com 201 CREATED",
                  "fullTitle": "Transfer POST /transfers Usando Mocks: Quando informo valores válidos eu tenho sucesso com 201 CREATED",
                  "timedOut": false,
                  "duration": 7,
                  "state": "passed",
                  "speed": "fast",
                  "pass": true,
                  "fail": false,
                  "pending": false,
                  "context": null,
                  "code": "const resposta = await request('http://localhost:3000')\n    .post('/transfers')\n    .set('Authorization', `Bearer ${token}`)\n    .send({\n        from: \"julio\",\n        to: \"priscila\",\n        value: 100\n    });\nconsole.log('Resposta transferência (valores válidos):', resposta.status, resposta.body);\nexpect(resposta.status).to.equal(201);\n// Validação com um Fixture\nconst respostaEsperada = require('../fixture/respostas/quandoInformoValoresValidosEuTenhoSucessoCom201Created.json')\ndelete resposta.body.date;\ndelete respostaEsperada.date; \nexpect(resposta.body).to.deep.equal(respostaEsperada);",
                  "err": {},
                  "uuid": "9c93bdda-0ab3-47dd-a538-8b1f839e7dfc",
                  "parentUUID": "c4899ab2-fd63-4f0d-b76f-3030fe097385",
                  "isHook": false,
                  "skipped": false
                }
              ],
              "suites": [],
              "passes": [
                "c20dab2a-db80-45c5-a293-ee1f12e7f6da",
                "4c99570f-479f-4bdb-8efd-dc0a5451ba6e",
                "9c93bdda-0ab3-47dd-a538-8b1f839e7dfc"
              ],
              "failures": [],
              "pending": [],
              "skipped": [],
              "duration": 19,
              "root": false,
              "rootEmpty": false,
              "_timeout": 10000
            }
          ],
          "passes": [],
          "failures": [],
          "pending": [],
          "skipped": [],
          "duration": 0,
          "root": false,
          "rootEmpty": false,
          "_timeout": 10000
        },
        {
          "uuid": "fc899ebd-d537-4173-8f3f-e92090dfbb3b",
          "title": "Transfer Controller",
          "fullFile": "C:\\Users\\glaucia.rocha\\Desktop\\PGATS-02-API\\test\\controller\\transferController.test.js",
          "file": "\\test\\controller\\transferController.test.js",
          "beforeHooks": [],
          "afterHooks": [],
          "tests": [],
          "suites": [
            {
              "uuid": "72973bd1-817a-4392-a9ac-539acca0455c",
              "title": "POST /transfers",
              "fullFile": "C:\\Users\\glaucia.rocha\\Desktop\\PGATS-02-API\\test\\controller\\transferController.test.js",
              "file": "\\test\\controller\\transferController.test.js",
              "beforeHooks": [
                {
                  "title": "\"before each\" hook in \"POST /transfers\"",
                  "fullTitle": "Transfer Controller POST /transfers \"before each\" hook in \"POST /transfers\"",
                  "timedOut": false,
                  "duration": 24,
                  "state": null,
                  "speed": null,
                  "pass": false,
                  "fail": false,
                  "pending": false,
                  "context": null,
                  "code": "const respostaLogin = await request(app)\n    .post('/users/login')\n    .send({\n        username: 'julio',\n        password: '123456'\n    });\ntoken = respostaLogin.body.token;",
                  "err": {},
                  "uuid": "b2980f45-f875-40c4-bc9f-1369beb97f4f",
                  "parentUUID": "72973bd1-817a-4392-a9ac-539acca0455c",
                  "isHook": true,
                  "skipped": false
                }
              ],
              "afterHooks": [
                {
                  "title": "\"after each\" hook in \"POST /transfers\"",
                  "fullTitle": "Transfer Controller POST /transfers \"after each\" hook in \"POST /transfers\"",
                  "timedOut": false,
                  "duration": 0,
                  "state": null,
                  "speed": null,
                  "pass": false,
                  "fail": false,
                  "pending": false,
                  "context": null,
                  "code": "// Reseto o Mock\nsinon.restore();",
                  "err": {},
                  "uuid": "6d74bcb1-ab8e-4474-9e91-07d854b448d6",
                  "parentUUID": "72973bd1-817a-4392-a9ac-539acca0455c",
                  "isHook": true,
                  "skipped": false
                }
              ],
              "tests": [
                {
                  "title": "Quando informo remetente e destinatario inexistentes recebo 400",
                  "fullTitle": "Transfer Controller POST /transfers Quando informo remetente e destinatario inexistentes recebo 400",
                  "timedOut": false,
                  "duration": 8,
                  "state": "passed",
                  "speed": "fast",
                  "pass": true,
                  "fail": false,
                  "pending": false,
                  "context": null,
                  "code": "const resposta = await request(app)\n    .post('/transfers')\n    .set('Authorization', `Bearer ${token}`)\n    .send({\n        from: \"julio\",\n        to: \"isabelle\",\n        value: 100\n    });\n\nexpect(resposta.status).to.equal(400);\nexpect(resposta.body).to.have.property('error', 'Usuário remetente ou destinatário não encontrado')",
                  "err": {},
                  "uuid": "a62bae67-f1b4-4389-a9ad-ce2f5e880e13",
                  "parentUUID": "72973bd1-817a-4392-a9ac-539acca0455c",
                  "isHook": false,
                  "skipped": false
                },
                {
                  "title": "Usando Mocks: Quando informo remetente e destinatario inexistentes recebo 400",
                  "fullTitle": "Transfer Controller POST /transfers Usando Mocks: Quando informo remetente e destinatario inexistentes recebo 400",
                  "timedOut": false,
                  "duration": 8,
                  "state": "passed",
                  "speed": "fast",
                  "pass": true,
                  "fail": false,
                  "pending": false,
                  "context": null,
                  "code": "// Mocar apenas a função transfer do Service\nconst transferServiceMock = sinon.stub(transferService, 'transfer');\ntransferServiceMock.throws(new Error('Usuário remetente ou destinatário não encontrado'));\nconst resposta = await request(app)\n    .post('/transfers')\n    .set('Authorization', `Bearer ${token}`)\n    .send({\n        from: \"julio\",\n        to: \"priscila\",\n        value: 100\n    });\n\nexpect(resposta.status).to.equal(400);\nexpect(resposta.body).to.have.property('error', 'Usuário remetente ou destinatário não encontrado');",
                  "err": {},
                  "uuid": "902f261b-33e2-400a-a304-b024d4369840",
                  "parentUUID": "72973bd1-817a-4392-a9ac-539acca0455c",
                  "isHook": false,
                  "skipped": false
                },
                {
                  "title": "Usando Mocks: Quando informo valores válidos eu tenho sucesso com 201 CREATED",
                  "fullTitle": "Transfer Controller POST /transfers Usando Mocks: Quando informo valores válidos eu tenho sucesso com 201 CREATED",
                  "timedOut": false,
                  "duration": 6,
                  "state": "passed",
                  "speed": "fast",
                  "pass": true,
                  "fail": false,
                  "pending": false,
                  "context": null,
                  "code": "// Mocar apenas a função transfer do Service\nconst transferServiceMock = sinon.stub(transferService, 'transfer');\ntransferServiceMock.returns({ \n    from: \"julio\", \n    to: \"priscila\", \n    value: 100, \n    date: new Date().toISOString() \n});\nconst resposta = await request(app)\n    .post('/transfers')\n    .set('Authorization', `Bearer ${token}`)\n    .send({\n        from: \"julio\",\n        to: \"priscilaaaaaaaaaaa\",\n        value: 100\n    });\n\nexpect(resposta.status).to.equal(201);\n\n// Validação com um Fixture\nconst respostaEsperada = require('../fixture/respostas/quandoInformoValoresValidosEuTenhoSucessoCom201Created.json')\ndelete resposta.body.date;\ndelete respostaEsperada.date; \nexpect(resposta.body).to.deep.equal(respostaEsperada);\n// Um expect para comparar a Resposta.body com a String contida no arquivo\n// expect(resposta.body).to.have.property('from', 'julio');\n// expect(resposta.body).to.have.property('to', 'priscila');\n// expect(resposta.body).to.have.property('value', 100);",
                  "err": {},
                  "uuid": "c86e8a6c-a638-4481-a350-85b87075ca87",
                  "parentUUID": "72973bd1-817a-4392-a9ac-539acca0455c",
                  "isHook": false,
                  "skipped": false
                }
              ],
              "suites": [],
              "passes": [
                "a62bae67-f1b4-4389-a9ad-ce2f5e880e13",
                "902f261b-33e2-400a-a304-b024d4369840",
                "c86e8a6c-a638-4481-a350-85b87075ca87"
              ],
              "failures": [],
              "pending": [],
              "skipped": [],
              "duration": 22,
              "root": false,
              "rootEmpty": false,
              "_timeout": 10000
            }
          ],
          "passes": [],
          "failures": [],
          "pending": [],
          "skipped": [],
          "duration": 0,
          "root": false,
          "rootEmpty": false,
          "_timeout": 10000
        }
      ],
      "passes": [],
      "failures": [],
      "pending": [],
      "skipped": [],
      "duration": 0,
      "root": true,
      "rootEmpty": true,
      "_timeout": 10000
    }
  ],
  "meta": {
    "mocha": {
      "version": "11.7.2"
    },
    "mochawesome": {
      "options": {
        "quiet": false,
        "reportFilename": "mochawesome",
        "saveHtml": true,
        "saveJson": true,
        "consoleReporter": "spec",
        "useInlineDiffs": false,
        "code": true
      },
      "version": "7.1.3"
    },
    "marge": {
      "options": null,
      "version": "6.2.0"
    }
  }
}