{
  "stats": {
    "suites": 2,
    "tests": 3,
    "passes": 3,
    "pending": 0,
    "failures": 0,
    "start": "2025-09-05T00:47:19.108Z",
    "end": "2025-09-05T00:47:19.268Z",
    "duration": 160,
    "testsRegistered": 3,
    "passPercent": 100,
    "pendingPercent": 0,
    "other": 0,
    "hasOther": false,
    "skipped": 0,
    "hasSkipped": false
  },
  "results": [
    {
      "uuid": "7a9f14e8-4839-4478-aee5-4527695fdb30",
      "title": "",
      "fullFile": "C:\\Users\\glaucia.rocha\\Desktop\\PGATS-02-API\\test\\controller\\external\\transferExternal.test.js",
      "file": "\\test\\controller\\external\\transferExternal.test.js",
      "beforeHooks": [],
      "afterHooks": [],
      "tests": [],
      "suites": [
        {
          "uuid": "a37b15c7-bdd6-4084-9111-c7ae7c8274b7",
          "title": "Transfer",
          "fullFile": "C:\\Users\\glaucia.rocha\\Desktop\\PGATS-02-API\\test\\controller\\external\\transferExternal.test.js",
          "file": "\\test\\controller\\external\\transferExternal.test.js",
          "beforeHooks": [],
          "afterHooks": [],
          "tests": [],
          "suites": [
            {
              "uuid": "66f76486-5cb0-41ea-ac3f-c570222bcef2",
              "title": "POST /transfers",
              "fullFile": "C:\\Users\\glaucia.rocha\\Desktop\\PGATS-02-API\\test\\controller\\external\\transferExternal.test.js",
              "file": "\\test\\controller\\external\\transferExternal.test.js",
              "beforeHooks": [
                {
                  "title": "\"before each\" hook in \"POST /transfers\"",
                  "fullTitle": "Transfer POST /transfers \"before each\" hook in \"POST /transfers\"",
                  "timedOut": false,
                  "duration": 32,
                  "state": null,
                  "speed": null,
                  "pass": false,
                  "fail": false,
                  "pending": false,
                  "context": null,
                  "code": "// Limpar dados no servidor real antes de cada teste\nawait request('http://localhost:3000')\n    .post('/test/reset')\n    .send();\n// Registrar usuário 'julio' antes do login\n    const respostaRegistroJulio = await request('http://localhost:3000')\n        .post('/users/register')\n        .send({\n            username: 'julio',\n            password: '123456',\n            favorecidos: ['priscila']\n        });\n    console.log('Registro julio:', respostaRegistroJulio.status, respostaRegistroJulio.body);\n// Registrar usuário 'priscila' (destinatário válido)\n    const respostaRegistroPriscila = await request('http://localhost:3000')\n        .post('/users/register')\n        .send({\n            username: 'priscila',\n            password: '123456',\n            favorecidos: ['julio']\n        });\n    console.log('Registro priscila:', respostaRegistroPriscila.status, respostaRegistroPriscila.body);\nconst respostaLogin = await request('http://localhost:3000')\n    .post('/users/login')\n    .send({\n        username: 'julio',\n        password: '123456'\n    });\n    console.log('Login julio:', respostaLogin.status, respostaLogin.body);\ntoken = respostaLogin.body.token;\nconsole.log('Token de login:', token);",
                  "err": {},
                  "uuid": "609c05ed-4a7d-488f-b2a0-cd401be8f1fc",
                  "parentUUID": "66f76486-5cb0-41ea-ac3f-c570222bcef2",
                  "isHook": true,
                  "skipped": false
                }
              ],
              "afterHooks": [],
              "tests": [
                {
                  "title": "Quando informo remetente e destinatario inexistentes recebo 400",
                  "fullTitle": "Transfer POST /transfers Quando informo remetente e destinatario inexistentes recebo 400",
                  "timedOut": false,
                  "duration": 8,
                  "state": "passed",
                  "speed": "fast",
                  "pass": true,
                  "fail": false,
                  "pending": false,
                  "context": null,
                  "code": "const resposta = await request('http://localhost:3000')\n    .post('/transfers')\n    .set('Authorization', `Bearer ${token}`)\n    .send({\n        from: \"julio\",\n        to: \"isabelle\",\n        value: 100\n    });\nconsole.log('Resposta transferência (remetente/destinatário inexistentes):', resposta.status, resposta.body);\nexpect(resposta.status).to.equal(400);\nexpect(resposta.body).to.have.property('error', 'Usuário remetente ou destinatário não encontrado')",
                  "err": {},
                  "uuid": "32133784-a154-45ad-8766-dd2fa3ae5912",
                  "parentUUID": "66f76486-5cb0-41ea-ac3f-c570222bcef2",
                  "isHook": false,
                  "skipped": false
                },
                {
                  "title": "Usando Mocks: Quando informo remetente e destinatario inexistentes recebo 400",
                  "fullTitle": "Transfer POST /transfers Usando Mocks: Quando informo remetente e destinatario inexistentes recebo 400",
                  "timedOut": false,
                  "duration": 5,
                  "state": "passed",
                  "speed": "fast",
                  "pass": true,
                  "fail": false,
                  "pending": false,
                  "context": null,
                  "code": "const resposta = await request(\"http://localhost:3000\")\n    .post('/transfers')\n    .set('Authorization', `Bearer ${token}`)\n    .send({\n        from: \"jose\",\n        to: \"isabelle\",\n        value: 100\n    });\nconsole.log('Resposta transferência (mocks remetente/destinatário inexistentes):', resposta.status, resposta.body);\nexpect(resposta.status).to.equal(400);\nexpect(resposta.body).to.have.property('error', 'Usuário remetente ou destinatário não encontrado');",
                  "err": {},
                  "uuid": "89c14d09-dd47-455e-b90e-83e669ca33df",
                  "parentUUID": "66f76486-5cb0-41ea-ac3f-c570222bcef2",
                  "isHook": false,
                  "skipped": false
                },
                {
                  "title": "Usando Mocks: Quando informo valores válidos eu tenho sucesso com 201 CREATED",
                  "fullTitle": "Transfer POST /transfers Usando Mocks: Quando informo valores válidos eu tenho sucesso com 201 CREATED",
                  "timedOut": false,
                  "duration": 6,
                  "state": "passed",
                  "speed": "fast",
                  "pass": true,
                  "fail": false,
                  "pending": false,
                  "context": null,
                  "code": "const resposta = await request('http://localhost:3000')\n    .post('/transfers')\n    .set('Authorization', `Bearer ${token}`)\n    .send({\n        from: \"julio\",\n        to: \"priscila\",\n        value: 100\n    });\nconsole.log('Resposta transferência (valores válidos):', resposta.status, resposta.body);\nexpect(resposta.status).to.equal(201);\n// Validação com um Fixture\nconst respostaEsperada = require('../fixture/respostas/quandoInformoValoresValidosEuTenhoSucessoCom201Created.json')\ndelete resposta.body.date;\ndelete respostaEsperada.date; \nexpect(resposta.body).to.deep.equal(respostaEsperada);",
                  "err": {},
                  "uuid": "ee78a81b-4ecb-4f84-959c-eaf12af11ca7",
                  "parentUUID": "66f76486-5cb0-41ea-ac3f-c570222bcef2",
                  "isHook": false,
                  "skipped": false
                }
              ],
              "suites": [],
              "passes": [
                "32133784-a154-45ad-8766-dd2fa3ae5912",
                "89c14d09-dd47-455e-b90e-83e669ca33df",
                "ee78a81b-4ecb-4f84-959c-eaf12af11ca7"
              ],
              "failures": [],
              "pending": [],
              "skipped": [],
              "duration": 19,
              "root": false,
              "rootEmpty": false,
              "_timeout": 10000
            }
          ],
          "passes": [],
          "failures": [],
          "pending": [],
          "skipped": [],
          "duration": 0,
          "root": false,
          "rootEmpty": false,
          "_timeout": 10000
        }
      ],
      "passes": [],
      "failures": [],
      "pending": [],
      "skipped": [],
      "duration": 0,
      "root": true,
      "rootEmpty": true,
      "_timeout": 10000
    }
  ],
  "meta": {
    "mocha": {
      "version": "11.7.2"
    },
    "mochawesome": {
      "options": {
        "quiet": false,
        "reportFilename": "mochawesome",
        "saveHtml": true,
        "saveJson": true,
        "consoleReporter": "spec",
        "useInlineDiffs": false,
        "code": true
      },
      "version": "7.1.3"
    },
    "marge": {
      "options": null,
      "version": "6.2.0"
    }
  }
}