{
  "stats": {
    "suites": 2,
    "tests": 3,
    "passes": 3,
    "pending": 0,
    "failures": 0,
    "start": "2025-09-05T00:07:27.114Z",
    "end": "2025-09-05T00:07:27.278Z",
    "duration": 164,
    "testsRegistered": 3,
    "passPercent": 100,
    "pendingPercent": 0,
    "other": 0,
    "hasOther": false,
    "skipped": 0,
    "hasSkipped": false
  },
  "results": [
    {
      "uuid": "b1ee8a50-6402-4f8b-9b0e-4df2846fab2c",
      "title": "",
      "fullFile": "C:\\Users\\glaucia.rocha\\Desktop\\PGATS-02-API\\test\\controller\\external\\transferExternal.test.js",
      "file": "\\test\\controller\\external\\transferExternal.test.js",
      "beforeHooks": [],
      "afterHooks": [],
      "tests": [],
      "suites": [
        {
          "uuid": "fbc7f556-2d0a-4e2a-b5e9-1ad4726d4c4b",
          "title": "Transfer",
          "fullFile": "C:\\Users\\glaucia.rocha\\Desktop\\PGATS-02-API\\test\\controller\\external\\transferExternal.test.js",
          "file": "\\test\\controller\\external\\transferExternal.test.js",
          "beforeHooks": [],
          "afterHooks": [],
          "tests": [],
          "suites": [
            {
              "uuid": "6e0da23d-5b92-41bd-89b1-7dcda27f0d7c",
              "title": "POST /transfers",
              "fullFile": "C:\\Users\\glaucia.rocha\\Desktop\\PGATS-02-API\\test\\controller\\external\\transferExternal.test.js",
              "file": "\\test\\controller\\external\\transferExternal.test.js",
              "beforeHooks": [
                {
                  "title": "\"before each\" hook in \"POST /transfers\"",
                  "fullTitle": "Transfer POST /transfers \"before each\" hook in \"POST /transfers\"",
                  "timedOut": false,
                  "duration": 33,
                  "state": null,
                  "speed": null,
                  "pass": false,
                  "fail": false,
                  "pending": false,
                  "context": null,
                  "code": "// Limpar dados no servidor real antes de cada teste\nawait request('http://localhost:3000')\n    .post('/test/reset')\n    .send();\n// Registrar usuário 'julio' antes do login\n    const respostaRegistroJulio = await request('http://localhost:3000')\n        .post('/users/register')\n        .send({\n            username: 'julio',\n            password: '123456',\n            favorecidos: ['priscila']\n        });\n    console.log('Registro julio:', respostaRegistroJulio.status, respostaRegistroJulio.body);\n// Registrar usuário 'priscila' (destinatário válido)\n    const respostaRegistroPriscila = await request('http://localhost:3000')\n        .post('/users/register')\n        .send({\n            username: 'priscila',\n            password: '123456',\n            favorecidos: ['julio']\n        });\n    console.log('Registro priscila:', respostaRegistroPriscila.status, respostaRegistroPriscila.body);\nconst respostaLogin = await request('http://localhost:3000')\n    .post('/users/login')\n    .send({\n        username: 'julio',\n        password: '123456'\n    });\n    console.log('Login julio:', respostaLogin.status, respostaLogin.body);\ntoken = respostaLogin.body.token;\nconsole.log('Token de login:', token);",
                  "err": {},
                  "uuid": "d5f67579-004c-464c-95b4-0e5446a677a2",
                  "parentUUID": "6e0da23d-5b92-41bd-89b1-7dcda27f0d7c",
                  "isHook": true,
                  "skipped": false
                }
              ],
              "afterHooks": [],
              "tests": [
                {
                  "title": "Quando informo remetente e destinatario inexistentes recebo 400",
                  "fullTitle": "Transfer POST /transfers Quando informo remetente e destinatario inexistentes recebo 400",
                  "timedOut": false,
                  "duration": 7,
                  "state": "passed",
                  "speed": "fast",
                  "pass": true,
                  "fail": false,
                  "pending": false,
                  "context": null,
                  "code": "const resposta = await request('http://localhost:3000')\n    .post('/transfers')\n    .set('Authorization', `Bearer ${token}`)\n    .send({\n        from: \"julio\",\n        to: \"isabelle\",\n        value: 100\n    });\nconsole.log('Resposta transferência (remetente/destinatário inexistentes):', resposta.status, resposta.body);\nexpect(resposta.status).to.equal(400);\nexpect(resposta.body).to.have.property('error', 'Usuário remetente ou destinatário não encontrado')",
                  "err": {},
                  "uuid": "5452021f-e12e-43fc-b3d3-101961bdec32",
                  "parentUUID": "6e0da23d-5b92-41bd-89b1-7dcda27f0d7c",
                  "isHook": false,
                  "skipped": false
                },
                {
                  "title": "Usando Mocks: Quando informo remetente e destinatario inexistentes recebo 400",
                  "fullTitle": "Transfer POST /transfers Usando Mocks: Quando informo remetente e destinatario inexistentes recebo 400",
                  "timedOut": false,
                  "duration": 7,
                  "state": "passed",
                  "speed": "fast",
                  "pass": true,
                  "fail": false,
                  "pending": false,
                  "context": null,
                  "code": "const resposta = await request(\"http://localhost:3000\")\n    .post('/transfers')\n    .set('Authorization', `Bearer ${token}`)\n    .send({\n        from: \"jose\",\n        to: \"isabelle\",\n        value: 100\n    });\nconsole.log('Resposta transferência (mocks remetente/destinatário inexistentes):', resposta.status, resposta.body);\nexpect(resposta.status).to.equal(400);\nexpect(resposta.body).to.have.property('error', 'Usuário remetente ou destinatário não encontrado');",
                  "err": {},
                  "uuid": "cfabd507-8e77-4266-bb0c-3003a95d2984",
                  "parentUUID": "6e0da23d-5b92-41bd-89b1-7dcda27f0d7c",
                  "isHook": false,
                  "skipped": false
                },
                {
                  "title": "Usando Mocks: Quando informo valores válidos eu tenho sucesso com 201 CREATED",
                  "fullTitle": "Transfer POST /transfers Usando Mocks: Quando informo valores válidos eu tenho sucesso com 201 CREATED",
                  "timedOut": false,
                  "duration": 6,
                  "state": "passed",
                  "speed": "fast",
                  "pass": true,
                  "fail": false,
                  "pending": false,
                  "context": null,
                  "code": "const resposta = await request('http://localhost:3000')\n    .post('/transfers')\n    .set('Authorization', `Bearer ${token}`)\n    .send({\n        from: \"julio\",\n        to: \"priscila\",\n        value: 100\n    });\nconsole.log('Resposta transferência (valores válidos):', resposta.status, resposta.body);\nexpect(resposta.status).to.equal(201);\n// Validação com um Fixture\nconst respostaEsperada = require('../fixture/respostas/quandoInformoValoresValidosEuTenhoSucessoCom201Created.json')\ndelete resposta.body.date;\ndelete respostaEsperada.date; \nexpect(resposta.body).to.deep.equal(respostaEsperada);",
                  "err": {},
                  "uuid": "ad4da108-6b3d-4744-ba88-5f776f8d123b",
                  "parentUUID": "6e0da23d-5b92-41bd-89b1-7dcda27f0d7c",
                  "isHook": false,
                  "skipped": false
                }
              ],
              "suites": [],
              "passes": [
                "5452021f-e12e-43fc-b3d3-101961bdec32",
                "cfabd507-8e77-4266-bb0c-3003a95d2984",
                "ad4da108-6b3d-4744-ba88-5f776f8d123b"
              ],
              "failures": [],
              "pending": [],
              "skipped": [],
              "duration": 20,
              "root": false,
              "rootEmpty": false,
              "_timeout": 10000
            }
          ],
          "passes": [],
          "failures": [],
          "pending": [],
          "skipped": [],
          "duration": 0,
          "root": false,
          "rootEmpty": false,
          "_timeout": 10000
        }
      ],
      "passes": [],
      "failures": [],
      "pending": [],
      "skipped": [],
      "duration": 0,
      "root": true,
      "rootEmpty": true,
      "_timeout": 10000
    }
  ],
  "meta": {
    "mocha": {
      "version": "11.7.2"
    },
    "mochawesome": {
      "options": {
        "quiet": false,
        "reportFilename": "mochawesome",
        "saveHtml": true,
        "saveJson": true,
        "consoleReporter": "spec",
        "useInlineDiffs": false,
        "code": true
      },
      "version": "7.1.3"
    },
    "marge": {
      "options": null,
      "version": "6.2.0"
    }
  }
}